19:07:58 INFO  config.AppiumListener - Start searching element-->By.xpath: //*[@resource-id='org.wikipedia:id/menu_overflow_button']
19:08:00 INFO  config.AppiumListener - Element was found-->By.xpath: //*[@resource-id='org.wikipedia:id/menu_overflow_button']
19:08:00 INFO  config.AppiumListener - Start searching element-->By.xpath: /*[@resource-id= 'org.wikipedia:id/explore_overflow_account_container']
19:08:02 INFO  config.AppiumListener - Element was found-->By.xpath: /*[@resource-id= 'org.wikipedia:id/explore_overflow_account_container']
19:08:02 INFO  config.AppiumListener - You have a problem with-->An element could not be located on the page using the given search parameters.
For documentation on this error, please visit: https://www.seleniumhq.org/exceptions/no_such_element.html
Build info: version: '3.141.59', revision: 'e82be7d358', time: '2018-11-14T08:17:03'
System info: host: 'LAPTOP-44JBEN25', ip: '172.20.10.2', os.name: 'Windows 10', os.arch: 'amd64', os.version: '10.0', java.version: '1.8.0_301'
Driver info: io.appium.java_client.AppiumDriver
Capabilities {app: C:\Users\gorbu\Downloads\wi..., appActivities: .main.MainActivity, appPackage: org.wikipedia, automationName: Appium, databaseEnabled: false, desired: {app: C:\Users\gorbu\Downloads\wi..., appActivities: .main.MainActivity, appPackage: org.wikipedia, automationName: Appium, deviceName: Nexus_5, platformName: android, platformVersion: 8.0}, deviceApiLevel: 26, deviceManufacturer: Google, deviceModel: Android SDK built for x86, deviceName: emulator-5554, deviceScreenDensity: 480, deviceScreenSize: 1080x1920, deviceUDID: emulator-5554, javascriptEnabled: true, locationContextEnabled: false, networkConnectionEnabled: true, pixelRatio: 3, platform: LINUX, platformName: Android, platformVersion: 8.0.0, statBarHeight: 72, takesScreenshot: true, viewportRect: {height: 1704, left: 0, top: 72, width: 1080}, warnings: {}, webStorageEnabled: false}
Session ID: 8f361726-13f6-437e-93d7-f06923aa8b83
*** Element info: {Using=xpath, value=/*[@resource-id= 'org.wikipedia:id/explore_overflow_account_container']}[Ljava.lang.StackTraceElement;@505676e2
19:08:03 INFO  config.AppiumListener - Screen with error in file-->C:\Users\gorbu\Documents\GitHub\Qa30_Wiki\src\test\resources\screens\scr483.png
19:08:03 INFO  config.AppiumListener - Start searching element-->By.xpath: /*[@resource-id= 'org.wikipedia:id/explore_overflow_account_container']
19:08:03 INFO  config.AppiumListener - Element was found-->By.xpath: /*[@resource-id= 'org.wikipedia:id/explore_overflow_account_container']
19:08:03 INFO  config.AppiumListener - You have a problem with-->An element could not be located on the page using the given search parameters.
For documentation on this error, please visit: https://www.seleniumhq.org/exceptions/no_such_element.html
Build info: version: '3.141.59', revision: 'e82be7d358', time: '2018-11-14T08:17:03'
System info: host: 'LAPTOP-44JBEN25', ip: '172.20.10.2', os.name: 'Windows 10', os.arch: 'amd64', os.version: '10.0', java.version: '1.8.0_301'
Driver info: io.appium.java_client.AppiumDriver
Capabilities {app: C:\Users\gorbu\Downloads\wi..., appActivities: .main.MainActivity, appPackage: org.wikipedia, automationName: Appium, databaseEnabled: false, desired: {app: C:\Users\gorbu\Downloads\wi..., appActivities: .main.MainActivity, appPackage: org.wikipedia, automationName: Appium, deviceName: Nexus_5, platformName: android, platformVersion: 8.0}, deviceApiLevel: 26, deviceManufacturer: Google, deviceModel: Android SDK built for x86, deviceName: emulator-5554, deviceScreenDensity: 480, deviceScreenSize: 1080x1920, deviceUDID: emulator-5554, javascriptEnabled: true, locationContextEnabled: false, networkConnectionEnabled: true, pixelRatio: 3, platform: LINUX, platformName: Android, platformVersion: 8.0.0, statBarHeight: 72, takesScreenshot: true, viewportRect: {height: 1704, left: 0, top: 72, width: 1080}, warnings: {}, webStorageEnabled: false}
Session ID: 8f361726-13f6-437e-93d7-f06923aa8b83
*** Element info: {Using=xpath, value=/*[@resource-id= 'org.wikipedia:id/explore_overflow_account_container']}[Ljava.lang.StackTraceElement;@174e1bff
19:08:04 INFO  config.AppiumListener - Screen with error in file-->C:\Users\gorbu\Documents\GitHub\Qa30_Wiki\src\test\resources\screens\scr484.png
19:08:04 INFO  config.AppiumListener - Start searching element-->By.xpath: /*[@resource-id= 'org.wikipedia:id/explore_overflow_account_container']
19:08:05 INFO  config.AppiumListener - Element was found-->By.xpath: /*[@resource-id= 'org.wikipedia:id/explore_overflow_account_container']
19:08:05 INFO  config.AppiumListener - You have a problem with-->An element could not be located on the page using the given search parameters.
For documentation on this error, please visit: https://www.seleniumhq.org/exceptions/no_such_element.html
Build info: version: '3.141.59', revision: 'e82be7d358', time: '2018-11-14T08:17:03'
System info: host: 'LAPTOP-44JBEN25', ip: '172.20.10.2', os.name: 'Windows 10', os.arch: 'amd64', os.version: '10.0', java.version: '1.8.0_301'
Driver info: io.appium.java_client.AppiumDriver
Capabilities {app: C:\Users\gorbu\Downloads\wi..., appActivities: .main.MainActivity, appPackage: org.wikipedia, automationName: Appium, databaseEnabled: false, desired: {app: C:\Users\gorbu\Downloads\wi..., appActivities: .main.MainActivity, appPackage: org.wikipedia, automationName: Appium, deviceName: Nexus_5, platformName: android, platformVersion: 8.0}, deviceApiLevel: 26, deviceManufacturer: Google, deviceModel: Android SDK built for x86, deviceName: emulator-5554, deviceScreenDensity: 480, deviceScreenSize: 1080x1920, deviceUDID: emulator-5554, javascriptEnabled: true, locationContextEnabled: false, networkConnectionEnabled: true, pixelRatio: 3, platform: LINUX, platformName: Android, platformVersion: 8.0.0, statBarHeight: 72, takesScreenshot: true, viewportRect: {height: 1704, left: 0, top: 72, width: 1080}, warnings: {}, webStorageEnabled: false}
Session ID: 8f361726-13f6-437e-93d7-f06923aa8b83
*** Element info: {Using=xpath, value=/*[@resource-id= 'org.wikipedia:id/explore_overflow_account_container']}[Ljava.lang.StackTraceElement;@2f5c8036
19:08:05 INFO  config.AppiumListener - Screen with error in file-->C:\Users\gorbu\Documents\GitHub\Qa30_Wiki\src\test\resources\screens\scr485.png
19:08:06 INFO  config.AppiumListener - Start searching element-->By.xpath: /*[@resource-id= 'org.wikipedia:id/explore_overflow_account_container']
19:08:06 INFO  config.AppiumListener - Element was found-->By.xpath: /*[@resource-id= 'org.wikipedia:id/explore_overflow_account_container']
19:08:06 INFO  config.AppiumListener - You have a problem with-->An element could not be located on the page using the given search parameters.
For documentation on this error, please visit: https://www.seleniumhq.org/exceptions/no_such_element.html
Build info: version: '3.141.59', revision: 'e82be7d358', time: '2018-11-14T08:17:03'
System info: host: 'LAPTOP-44JBEN25', ip: '172.20.10.2', os.name: 'Windows 10', os.arch: 'amd64', os.version: '10.0', java.version: '1.8.0_301'
Driver info: io.appium.java_client.AppiumDriver
Capabilities {app: C:\Users\gorbu\Downloads\wi..., appActivities: .main.MainActivity, appPackage: org.wikipedia, automationName: Appium, databaseEnabled: false, desired: {app: C:\Users\gorbu\Downloads\wi..., appActivities: .main.MainActivity, appPackage: org.wikipedia, automationName: Appium, deviceName: Nexus_5, platformName: android, platformVersion: 8.0}, deviceApiLevel: 26, deviceManufacturer: Google, deviceModel: Android SDK built for x86, deviceName: emulator-5554, deviceScreenDensity: 480, deviceScreenSize: 1080x1920, deviceUDID: emulator-5554, javascriptEnabled: true, locationContextEnabled: false, networkConnectionEnabled: true, pixelRatio: 3, platform: LINUX, platformName: Android, platformVersion: 8.0.0, statBarHeight: 72, takesScreenshot: true, viewportRect: {height: 1704, left: 0, top: 72, width: 1080}, warnings: {}, webStorageEnabled: false}
Session ID: 8f361726-13f6-437e-93d7-f06923aa8b83
*** Element info: {Using=xpath, value=/*[@resource-id= 'org.wikipedia:id/explore_overflow_account_container']}[Ljava.lang.StackTraceElement;@7306d48d
19:08:07 INFO  config.AppiumListener - Screen with error in file-->C:\Users\gorbu\Documents\GitHub\Qa30_Wiki\src\test\resources\screens\scr487.png
19:08:07 INFO  config.AppiumListener - Start searching element-->By.xpath: /*[@resource-id= 'org.wikipedia:id/explore_overflow_account_container']
19:08:07 INFO  config.AppiumListener - Element was found-->By.xpath: /*[@resource-id= 'org.wikipedia:id/explore_overflow_account_container']
19:08:07 INFO  config.AppiumListener - You have a problem with-->An element could not be located on the page using the given search parameters.
For documentation on this error, please visit: https://www.seleniumhq.org/exceptions/no_such_element.html
Build info: version: '3.141.59', revision: 'e82be7d358', time: '2018-11-14T08:17:03'
System info: host: 'LAPTOP-44JBEN25', ip: '172.20.10.2', os.name: 'Windows 10', os.arch: 'amd64', os.version: '10.0', java.version: '1.8.0_301'
Driver info: io.appium.java_client.AppiumDriver
Capabilities {app: C:\Users\gorbu\Downloads\wi..., appActivities: .main.MainActivity, appPackage: org.wikipedia, automationName: Appium, databaseEnabled: false, desired: {app: C:\Users\gorbu\Downloads\wi..., appActivities: .main.MainActivity, appPackage: org.wikipedia, automationName: Appium, deviceName: Nexus_5, platformName: android, platformVersion: 8.0}, deviceApiLevel: 26, deviceManufacturer: Google, deviceModel: Android SDK built for x86, deviceName: emulator-5554, deviceScreenDensity: 480, deviceScreenSize: 1080x1920, deviceUDID: emulator-5554, javascriptEnabled: true, locationContextEnabled: false, networkConnectionEnabled: true, pixelRatio: 3, platform: LINUX, platformName: Android, platformVersion: 8.0.0, statBarHeight: 72, takesScreenshot: true, viewportRect: {height: 1704, left: 0, top: 72, width: 1080}, warnings: {}, webStorageEnabled: false}
Session ID: 8f361726-13f6-437e-93d7-f06923aa8b83
*** Element info: {Using=xpath, value=/*[@resource-id= 'org.wikipedia:id/explore_overflow_account_container']}[Ljava.lang.StackTraceElement;@19f1976d
19:08:08 INFO  config.AppiumListener - Screen with error in file-->C:\Users\gorbu\Documents\GitHub\Qa30_Wiki\src\test\resources\screens\scr488.png
19:08:09 INFO  config.AppiumListener - Start searching element-->By.xpath: /*[@resource-id= 'org.wikipedia:id/explore_overflow_account_container']
19:08:09 INFO  config.AppiumListener - Element was found-->By.xpath: /*[@resource-id= 'org.wikipedia:id/explore_overflow_account_container']
19:08:09 INFO  config.AppiumListener - You have a problem with-->An element could not be located on the page using the given search parameters.
For documentation on this error, please visit: https://www.seleniumhq.org/exceptions/no_such_element.html
Build info: version: '3.141.59', revision: 'e82be7d358', time: '2018-11-14T08:17:03'
System info: host: 'LAPTOP-44JBEN25', ip: '172.20.10.2', os.name: 'Windows 10', os.arch: 'amd64', os.version: '10.0', java.version: '1.8.0_301'
Driver info: io.appium.java_client.AppiumDriver
Capabilities {app: C:\Users\gorbu\Downloads\wi..., appActivities: .main.MainActivity, appPackage: org.wikipedia, automationName: Appium, databaseEnabled: false, desired: {app: C:\Users\gorbu\Downloads\wi..., appActivities: .main.MainActivity, appPackage: org.wikipedia, automationName: Appium, deviceName: Nexus_5, platformName: android, platformVersion: 8.0}, deviceApiLevel: 26, deviceManufacturer: Google, deviceModel: Android SDK built for x86, deviceName: emulator-5554, deviceScreenDensity: 480, deviceScreenSize: 1080x1920, deviceUDID: emulator-5554, javascriptEnabled: true, locationContextEnabled: false, networkConnectionEnabled: true, pixelRatio: 3, platform: LINUX, platformName: Android, platformVersion: 8.0.0, statBarHeight: 72, takesScreenshot: true, viewportRect: {height: 1704, left: 0, top: 72, width: 1080}, warnings: {}, webStorageEnabled: false}
Session ID: 8f361726-13f6-437e-93d7-f06923aa8b83
*** Element info: {Using=xpath, value=/*[@resource-id= 'org.wikipedia:id/explore_overflow_account_container']}[Ljava.lang.StackTraceElement;@68304d24
19:08:10 INFO  config.AppiumListener - Screen with error in file-->C:\Users\gorbu\Documents\GitHub\Qa30_Wiki\src\test\resources\screens\scr490.png
19:08:10 INFO  config.AppiumListener - Start searching element-->By.xpath: /*[@resource-id= 'org.wikipedia:id/explore_overflow_account_container']
19:08:10 INFO  config.AppiumListener - Element was found-->By.xpath: /*[@resource-id= 'org.wikipedia:id/explore_overflow_account_container']
19:08:10 INFO  config.AppiumListener - You have a problem with-->An element could not be located on the page using the given search parameters.
For documentation on this error, please visit: https://www.seleniumhq.org/exceptions/no_such_element.html
Build info: version: '3.141.59', revision: 'e82be7d358', time: '2018-11-14T08:17:03'
System info: host: 'LAPTOP-44JBEN25', ip: '172.20.10.2', os.name: 'Windows 10', os.arch: 'amd64', os.version: '10.0', java.version: '1.8.0_301'
Driver info: io.appium.java_client.AppiumDriver
Capabilities {app: C:\Users\gorbu\Downloads\wi..., appActivities: .main.MainActivity, appPackage: org.wikipedia, automationName: Appium, databaseEnabled: false, desired: {app: C:\Users\gorbu\Downloads\wi..., appActivities: .main.MainActivity, appPackage: org.wikipedia, automationName: Appium, deviceName: Nexus_5, platformName: android, platformVersion: 8.0}, deviceApiLevel: 26, deviceManufacturer: Google, deviceModel: Android SDK built for x86, deviceName: emulator-5554, deviceScreenDensity: 480, deviceScreenSize: 1080x1920, deviceUDID: emulator-5554, javascriptEnabled: true, locationContextEnabled: false, networkConnectionEnabled: true, pixelRatio: 3, platform: LINUX, platformName: Android, platformVersion: 8.0.0, statBarHeight: 72, takesScreenshot: true, viewportRect: {height: 1704, left: 0, top: 72, width: 1080}, warnings: {}, webStorageEnabled: false}
Session ID: 8f361726-13f6-437e-93d7-f06923aa8b83
*** Element info: {Using=xpath, value=/*[@resource-id= 'org.wikipedia:id/explore_overflow_account_container']}[Ljava.lang.StackTraceElement;@35472d1a
19:08:11 INFO  config.AppiumListener - Screen with error in file-->C:\Users\gorbu\Documents\GitHub\Qa30_Wiki\src\test\resources\screens\scr491.png
19:08:11 INFO  config.AppiumListener - Start searching element-->By.xpath: /*[@resource-id= 'org.wikipedia:id/explore_overflow_account_container']
19:08:11 INFO  config.AppiumListener - Element was found-->By.xpath: /*[@resource-id= 'org.wikipedia:id/explore_overflow_account_container']
19:08:11 INFO  config.AppiumListener - You have a problem with-->An element could not be located on the page using the given search parameters.
For documentation on this error, please visit: https://www.seleniumhq.org/exceptions/no_such_element.html
Build info: version: '3.141.59', revision: 'e82be7d358', time: '2018-11-14T08:17:03'
System info: host: 'LAPTOP-44JBEN25', ip: '172.20.10.2', os.name: 'Windows 10', os.arch: 'amd64', os.version: '10.0', java.version: '1.8.0_301'
Driver info: io.appium.java_client.AppiumDriver
Capabilities {app: C:\Users\gorbu\Downloads\wi..., appActivities: .main.MainActivity, appPackage: org.wikipedia, automationName: Appium, databaseEnabled: false, desired: {app: C:\Users\gorbu\Downloads\wi..., appActivities: .main.MainActivity, appPackage: org.wikipedia, automationName: Appium, deviceName: Nexus_5, platformName: android, platformVersion: 8.0}, deviceApiLevel: 26, deviceManufacturer: Google, deviceModel: Android SDK built for x86, deviceName: emulator-5554, deviceScreenDensity: 480, deviceScreenSize: 1080x1920, deviceUDID: emulator-5554, javascriptEnabled: true, locationContextEnabled: false, networkConnectionEnabled: true, pixelRatio: 3, platform: LINUX, platformName: Android, platformVersion: 8.0.0, statBarHeight: 72, takesScreenshot: true, viewportRect: {height: 1704, left: 0, top: 72, width: 1080}, warnings: {}, webStorageEnabled: false}
Session ID: 8f361726-13f6-437e-93d7-f06923aa8b83
*** Element info: {Using=xpath, value=/*[@resource-id= 'org.wikipedia:id/explore_overflow_account_container']}[Ljava.lang.StackTraceElement;@3e2980dc
19:08:12 INFO  config.AppiumListener - Screen with error in file-->C:\Users\gorbu\Documents\GitHub\Qa30_Wiki\src\test\resources\screens\scr492.png
19:08:13 INFO  config.AppiumListener - Start searching element-->By.xpath: /*[@resource-id= 'org.wikipedia:id/explore_overflow_account_container']
19:08:13 INFO  config.AppiumListener - Element was found-->By.xpath: /*[@resource-id= 'org.wikipedia:id/explore_overflow_account_container']
19:08:13 INFO  config.AppiumListener - You have a problem with-->An element could not be located on the page using the given search parameters.
For documentation on this error, please visit: https://www.seleniumhq.org/exceptions/no_such_element.html
Build info: version: '3.141.59', revision: 'e82be7d358', time: '2018-11-14T08:17:03'
System info: host: 'LAPTOP-44JBEN25', ip: '172.20.10.2', os.name: 'Windows 10', os.arch: 'amd64', os.version: '10.0', java.version: '1.8.0_301'
Driver info: io.appium.java_client.AppiumDriver
Capabilities {app: C:\Users\gorbu\Downloads\wi..., appActivities: .main.MainActivity, appPackage: org.wikipedia, automationName: Appium, databaseEnabled: false, desired: {app: C:\Users\gorbu\Downloads\wi..., appActivities: .main.MainActivity, appPackage: org.wikipedia, automationName: Appium, deviceName: Nexus_5, platformName: android, platformVersion: 8.0}, deviceApiLevel: 26, deviceManufacturer: Google, deviceModel: Android SDK built for x86, deviceName: emulator-5554, deviceScreenDensity: 480, deviceScreenSize: 1080x1920, deviceUDID: emulator-5554, javascriptEnabled: true, locationContextEnabled: false, networkConnectionEnabled: true, pixelRatio: 3, platform: LINUX, platformName: Android, platformVersion: 8.0.0, statBarHeight: 72, takesScreenshot: true, viewportRect: {height: 1704, left: 0, top: 72, width: 1080}, warnings: {}, webStorageEnabled: false}
Session ID: 8f361726-13f6-437e-93d7-f06923aa8b83
*** Element info: {Using=xpath, value=/*[@resource-id= 'org.wikipedia:id/explore_overflow_account_container']}[Ljava.lang.StackTraceElement;@745d7844
19:08:14 INFO  config.AppiumListener - Screen with error in file-->C:\Users\gorbu\Documents\GitHub\Qa30_Wiki\src\test\resources\screens\scr494.png
19:08:14 INFO  config.AppiumListener - Start searching element-->By.xpath: /*[@resource-id= 'org.wikipedia:id/explore_overflow_account_container']
19:08:14 INFO  config.AppiumListener - Element was found-->By.xpath: /*[@resource-id= 'org.wikipedia:id/explore_overflow_account_container']
19:08:14 INFO  config.AppiumListener - You have a problem with-->An element could not be located on the page using the given search parameters.
For documentation on this error, please visit: https://www.seleniumhq.org/exceptions/no_such_element.html
Build info: version: '3.141.59', revision: 'e82be7d358', time: '2018-11-14T08:17:03'
System info: host: 'LAPTOP-44JBEN25', ip: '172.20.10.2', os.name: 'Windows 10', os.arch: 'amd64', os.version: '10.0', java.version: '1.8.0_301'
Driver info: io.appium.java_client.AppiumDriver
Capabilities {app: C:\Users\gorbu\Downloads\wi..., appActivities: .main.MainActivity, appPackage: org.wikipedia, automationName: Appium, databaseEnabled: false, desired: {app: C:\Users\gorbu\Downloads\wi..., appActivities: .main.MainActivity, appPackage: org.wikipedia, automationName: Appium, deviceName: Nexus_5, platformName: android, platformVersion: 8.0}, deviceApiLevel: 26, deviceManufacturer: Google, deviceModel: Android SDK built for x86, deviceName: emulator-5554, deviceScreenDensity: 480, deviceScreenSize: 1080x1920, deviceUDID: emulator-5554, javascriptEnabled: true, locationContextEnabled: false, networkConnectionEnabled: true, pixelRatio: 3, platform: LINUX, platformName: Android, platformVersion: 8.0.0, statBarHeight: 72, takesScreenshot: true, viewportRect: {height: 1704, left: 0, top: 72, width: 1080}, warnings: {}, webStorageEnabled: false}
Session ID: 8f361726-13f6-437e-93d7-f06923aa8b83
*** Element info: {Using=xpath, value=/*[@resource-id= 'org.wikipedia:id/explore_overflow_account_container']}[Ljava.lang.StackTraceElement;@5582df68
19:08:15 INFO  config.AppiumListener - Screen with error in file-->C:\Users\gorbu\Documents\GitHub\Qa30_Wiki\src\test\resources\screens\scr495.png
19:08:15 INFO  config.AppiumListener - Start searching element-->By.xpath: /*[@resource-id= 'org.wikipedia:id/explore_overflow_account_container']
19:08:15 INFO  config.AppiumListener - Element was found-->By.xpath: /*[@resource-id= 'org.wikipedia:id/explore_overflow_account_container']
19:08:15 INFO  config.AppiumListener - You have a problem with-->An element could not be located on the page using the given search parameters.
For documentation on this error, please visit: https://www.seleniumhq.org/exceptions/no_such_element.html
Build info: version: '3.141.59', revision: 'e82be7d358', time: '2018-11-14T08:17:03'
System info: host: 'LAPTOP-44JBEN25', ip: '172.20.10.2', os.name: 'Windows 10', os.arch: 'amd64', os.version: '10.0', java.version: '1.8.0_301'
Driver info: io.appium.java_client.AppiumDriver
Capabilities {app: C:\Users\gorbu\Downloads\wi..., appActivities: .main.MainActivity, appPackage: org.wikipedia, automationName: Appium, databaseEnabled: false, desired: {app: C:\Users\gorbu\Downloads\wi..., appActivities: .main.MainActivity, appPackage: org.wikipedia, automationName: Appium, deviceName: Nexus_5, platformName: android, platformVersion: 8.0}, deviceApiLevel: 26, deviceManufacturer: Google, deviceModel: Android SDK built for x86, deviceName: emulator-5554, deviceScreenDensity: 480, deviceScreenSize: 1080x1920, deviceUDID: emulator-5554, javascriptEnabled: true, locationContextEnabled: false, networkConnectionEnabled: true, pixelRatio: 3, platform: LINUX, platformName: Android, platformVersion: 8.0.0, statBarHeight: 72, takesScreenshot: true, viewportRect: {height: 1704, left: 0, top: 72, width: 1080}, warnings: {}, webStorageEnabled: false}
Session ID: 8f361726-13f6-437e-93d7-f06923aa8b83
*** Element info: {Using=xpath, value=/*[@resource-id= 'org.wikipedia:id/explore_overflow_account_container']}[Ljava.lang.StackTraceElement;@44f19ad0
19:08:16 INFO  config.AppiumListener - Screen with error in file-->C:\Users\gorbu\Documents\GitHub\Qa30_Wiki\src\test\resources\screens\scr496.png
19:08:17 INFO  config.AppiumListener - Start searching element-->By.xpath: /*[@resource-id= 'org.wikipedia:id/explore_overflow_account_container']
19:08:17 INFO  config.AppiumListener - Element was found-->By.xpath: /*[@resource-id= 'org.wikipedia:id/explore_overflow_account_container']
19:08:17 INFO  config.AppiumListener - You have a problem with-->An element could not be located on the page using the given search parameters.
For documentation on this error, please visit: https://www.seleniumhq.org/exceptions/no_such_element.html
Build info: version: '3.141.59', revision: 'e82be7d358', time: '2018-11-14T08:17:03'
System info: host: 'LAPTOP-44JBEN25', ip: '172.20.10.2', os.name: 'Windows 10', os.arch: 'amd64', os.version: '10.0', java.version: '1.8.0_301'
Driver info: io.appium.java_client.AppiumDriver
Capabilities {app: C:\Users\gorbu\Downloads\wi..., appActivities: .main.MainActivity, appPackage: org.wikipedia, automationName: Appium, databaseEnabled: false, desired: {app: C:\Users\gorbu\Downloads\wi..., appActivities: .main.MainActivity, appPackage: org.wikipedia, automationName: Appium, deviceName: Nexus_5, platformName: android, platformVersion: 8.0}, deviceApiLevel: 26, deviceManufacturer: Google, deviceModel: Android SDK built for x86, deviceName: emulator-5554, deviceScreenDensity: 480, deviceScreenSize: 1080x1920, deviceUDID: emulator-5554, javascriptEnabled: true, locationContextEnabled: false, networkConnectionEnabled: true, pixelRatio: 3, platform: LINUX, platformName: Android, platformVersion: 8.0.0, statBarHeight: 72, takesScreenshot: true, viewportRect: {height: 1704, left: 0, top: 72, width: 1080}, warnings: {}, webStorageEnabled: false}
Session ID: 8f361726-13f6-437e-93d7-f06923aa8b83
*** Element info: {Using=xpath, value=/*[@resource-id= 'org.wikipedia:id/explore_overflow_account_container']}[Ljava.lang.StackTraceElement;@703203e9
19:08:17 INFO  config.AppiumListener - Screen with error in file-->C:\Users\gorbu\Documents\GitHub\Qa30_Wiki\src\test\resources\screens\scr497.png
19:08:18 INFO  config.AppiumListener - Start searching element-->By.xpath: /*[@resource-id= 'org.wikipedia:id/explore_overflow_account_container']
19:08:18 INFO  config.AppiumListener - Element was found-->By.xpath: /*[@resource-id= 'org.wikipedia:id/explore_overflow_account_container']
19:08:18 INFO  config.AppiumListener - You have a problem with-->An element could not be located on the page using the given search parameters.
For documentation on this error, please visit: https://www.seleniumhq.org/exceptions/no_such_element.html
Build info: version: '3.141.59', revision: 'e82be7d358', time: '2018-11-14T08:17:03'
System info: host: 'LAPTOP-44JBEN25', ip: '172.20.10.2', os.name: 'Windows 10', os.arch: 'amd64', os.version: '10.0', java.version: '1.8.0_301'
Driver info: io.appium.java_client.AppiumDriver
Capabilities {app: C:\Users\gorbu\Downloads\wi..., appActivities: .main.MainActivity, appPackage: org.wikipedia, automationName: Appium, databaseEnabled: false, desired: {app: C:\Users\gorbu\Downloads\wi..., appActivities: .main.MainActivity, appPackage: org.wikipedia, automationName: Appium, deviceName: Nexus_5, platformName: android, platformVersion: 8.0}, deviceApiLevel: 26, deviceManufacturer: Google, deviceModel: Android SDK built for x86, deviceName: emulator-5554, deviceScreenDensity: 480, deviceScreenSize: 1080x1920, deviceUDID: emulator-5554, javascriptEnabled: true, locationContextEnabled: false, networkConnectionEnabled: true, pixelRatio: 3, platform: LINUX, platformName: Android, platformVersion: 8.0.0, statBarHeight: 72, takesScreenshot: true, viewportRect: {height: 1704, left: 0, top: 72, width: 1080}, warnings: {}, webStorageEnabled: false}
Session ID: 8f361726-13f6-437e-93d7-f06923aa8b83
*** Element info: {Using=xpath, value=/*[@resource-id= 'org.wikipedia:id/explore_overflow_account_container']}[Ljava.lang.StackTraceElement;@43c98108
19:08:19 INFO  config.AppiumListener - Screen with error in file-->C:\Users\gorbu\Documents\GitHub\Qa30_Wiki\src\test\resources\screens\scr499.png
19:08:19 INFO  config.AppiumListener - Start searching element-->By.xpath: /*[@resource-id= 'org.wikipedia:id/explore_overflow_account_container']
19:08:19 INFO  config.AppiumListener - Element was found-->By.xpath: /*[@resource-id= 'org.wikipedia:id/explore_overflow_account_container']
19:08:19 INFO  config.AppiumListener - You have a problem with-->An element could not be located on the page using the given search parameters.
For documentation on this error, please visit: https://www.seleniumhq.org/exceptions/no_such_element.html
Build info: version: '3.141.59', revision: 'e82be7d358', time: '2018-11-14T08:17:03'
System info: host: 'LAPTOP-44JBEN25', ip: '172.20.10.2', os.name: 'Windows 10', os.arch: 'amd64', os.version: '10.0', java.version: '1.8.0_301'
Driver info: io.appium.java_client.AppiumDriver
Capabilities {app: C:\Users\gorbu\Downloads\wi..., appActivities: .main.MainActivity, appPackage: org.wikipedia, automationName: Appium, databaseEnabled: false, desired: {app: C:\Users\gorbu\Downloads\wi..., appActivities: .main.MainActivity, appPackage: org.wikipedia, automationName: Appium, deviceName: Nexus_5, platformName: android, platformVersion: 8.0}, deviceApiLevel: 26, deviceManufacturer: Google, deviceModel: Android SDK built for x86, deviceName: emulator-5554, deviceScreenDensity: 480, deviceScreenSize: 1080x1920, deviceUDID: emulator-5554, javascriptEnabled: true, locationContextEnabled: false, networkConnectionEnabled: true, pixelRatio: 3, platform: LINUX, platformName: Android, platformVersion: 8.0.0, statBarHeight: 72, takesScreenshot: true, viewportRect: {height: 1704, left: 0, top: 72, width: 1080}, warnings: {}, webStorageEnabled: false}
Session ID: 8f361726-13f6-437e-93d7-f06923aa8b83
*** Element info: {Using=xpath, value=/*[@resource-id= 'org.wikipedia:id/explore_overflow_account_container']}[Ljava.lang.StackTraceElement;@2ac6af81
19:08:20 INFO  config.AppiumListener - Screen with error in file-->C:\Users\gorbu\Documents\GitHub\Qa30_Wiki\src\test\resources\screens\scr500.png
19:08:21 INFO  config.AppiumListener - Start searching element-->By.xpath: /*[@resource-id= 'org.wikipedia:id/explore_overflow_account_container']
19:08:21 INFO  config.AppiumListener - Element was found-->By.xpath: /*[@resource-id= 'org.wikipedia:id/explore_overflow_account_container']
19:08:21 INFO  config.AppiumListener - You have a problem with-->An element could not be located on the page using the given search parameters.
For documentation on this error, please visit: https://www.seleniumhq.org/exceptions/no_such_element.html
Build info: version: '3.141.59', revision: 'e82be7d358', time: '2018-11-14T08:17:03'
System info: host: 'LAPTOP-44JBEN25', ip: '172.20.10.2', os.name: 'Windows 10', os.arch: 'amd64', os.version: '10.0', java.version: '1.8.0_301'
Driver info: io.appium.java_client.AppiumDriver
Capabilities {app: C:\Users\gorbu\Downloads\wi..., appActivities: .main.MainActivity, appPackage: org.wikipedia, automationName: Appium, databaseEnabled: false, desired: {app: C:\Users\gorbu\Downloads\wi..., appActivities: .main.MainActivity, appPackage: org.wikipedia, automationName: Appium, deviceName: Nexus_5, platformName: android, platformVersion: 8.0}, deviceApiLevel: 26, deviceManufacturer: Google, deviceModel: Android SDK built for x86, deviceName: emulator-5554, deviceScreenDensity: 480, deviceScreenSize: 1080x1920, deviceUDID: emulator-5554, javascriptEnabled: true, locationContextEnabled: false, networkConnectionEnabled: true, pixelRatio: 3, platform: LINUX, platformName: Android, platformVersion: 8.0.0, statBarHeight: 72, takesScreenshot: true, viewportRect: {height: 1704, left: 0, top: 72, width: 1080}, warnings: {}, webStorageEnabled: false}
Session ID: 8f361726-13f6-437e-93d7-f06923aa8b83
*** Element info: {Using=xpath, value=/*[@resource-id= 'org.wikipedia:id/explore_overflow_account_container']}[Ljava.lang.StackTraceElement;@3fd3fee7
19:08:22 INFO  config.AppiumListener - Screen with error in file-->C:\Users\gorbu\Documents\GitHub\Qa30_Wiki\src\test\resources\screens\scr502.png
