20:25:46 INFO  config.AppiumListener - Start searching element-->By.xpath: //*[@resource-id='org.wikipedia:id/menu_overflow_button']
20:25:47 INFO  config.AppiumListener - Element was found-->By.xpath: //*[@resource-id='org.wikipedia:id/menu_overflow_button']
20:25:47 INFO  config.AppiumListener - Start searching element-->By.xpath: //*[@resource-id= 'org.wikipedia:id/explore_overflow_account_container']
20:25:48 INFO  config.AppiumListener - Element was found-->By.xpath: //*[@resource-id= 'org.wikipedia:id/explore_overflow_account_container']
20:25:48 INFO  config.AppiumListener - Start searching element-->By.xpath: //*[@resource-id= 'org.wikipedia:id/explore_overflow_account_container']
20:25:49 INFO  config.AppiumListener - Element was found-->By.xpath: //*[@resource-id= 'org.wikipedia:id/explore_overflow_account_container']
20:25:49 INFO  config.AppiumListener - Start searching element-->By.xpath: //*[@resource-id='org.wikipedia:id/login_username_text']
20:25:50 INFO  config.AppiumListener - Element was found-->By.xpath: //*[@resource-id='org.wikipedia:id/login_username_text']
20:25:50 INFO  config.AppiumListener - Start searching element-->By.xpath: //*[@resource-id='org.wikipedia:id/login_username_text']
20:25:51 INFO  config.AppiumListener - Element was found-->By.xpath: //*[@resource-id='org.wikipedia:id/login_username_text']
20:25:51 INFO  config.AppiumListener - Start searching element-->By.xpath: //*[@resource-id='org.wikipedia:id/login_username_text']
20:25:52 INFO  config.AppiumListener - Element was found-->By.xpath: //*[@resource-id='org.wikipedia:id/login_username_text']
20:25:52 INFO  config.AppiumListener - Start searching element-->By.xpath: //*[@resource-id='org.wikipedia:id/login_password_input']
20:25:52 INFO  config.AppiumListener - Element was found-->By.xpath: //*[@resource-id='org.wikipedia:id/login_password_input']
20:25:53 INFO  config.AppiumListener - Start searching element-->By.xpath: //*[@resource-id='org.wikipedia:id/login_button']
20:25:54 INFO  config.AppiumListener - Element was found-->By.xpath: //*[@resource-id='org.wikipedia:id/login_button']
20:25:54 INFO  config.AppiumListener - Start searching element-->By.xpath: //*[@resource-id='org.wikipedia:id/menu_overflow_button']
20:25:54 INFO  config.AppiumListener - Element was found-->By.xpath: //*[@resource-id='org.wikipedia:id/menu_overflow_button']
20:25:54 INFO  config.AppiumListener - You have a problem with-->An element could not be located on the page using the given search parameters.
For documentation on this error, please visit: https://www.seleniumhq.org/exceptions/no_such_element.html
Build info: version: '3.141.59', revision: 'e82be7d358', time: '2018-11-14T08:17:03'
System info: host: 'LAPTOP-44JBEN25', ip: '172.20.10.2', os.name: 'Windows 10', os.arch: 'amd64', os.version: '10.0', java.version: '1.8.0_301'
Driver info: io.appium.java_client.AppiumDriver
Capabilities {app: C:\Users\gorbu\Downloads\wi..., appActivities: .main.MainActivity, appPackage: org.wikipedia, automationName: Appium, databaseEnabled: false, desired: {app: C:\Users\gorbu\Downloads\wi..., appActivities: .main.MainActivity, appPackage: org.wikipedia, automationName: Appium, deviceName: Nexus_5, platformName: android, platformVersion: 8.0}, deviceApiLevel: 26, deviceManufacturer: Google, deviceModel: Android SDK built for x86, deviceName: emulator-5554, deviceScreenDensity: 480, deviceScreenSize: 1080x1920, deviceUDID: emulator-5554, javascriptEnabled: true, locationContextEnabled: false, networkConnectionEnabled: true, pixelRatio: 3, platform: LINUX, platformName: Android, platformVersion: 8.0.0, statBarHeight: 72, takesScreenshot: true, viewportRect: {height: 1704, left: 0, top: 72, width: 1080}, warnings: {}, webStorageEnabled: false}
Session ID: b5ad1578-40f8-4147-9c9b-77b3a2ec7ead
*** Element info: {Using=xpath, value=//*[@resource-id='org.wikipedia:id/menu_overflow_button']}[Ljava.lang.StackTraceElement;@20664bee
20:25:55 INFO  config.AppiumListener - Screen with error in file-->C:\Users\gorbu\Documents\GitHub\Qa30_Wiki\src\test\resources\screens\scr1555.png
20:25:55 INFO  config.AppiumListener - Start searching element-->By.xpath: //*[@resource-id='org.wikipedia:id/menu_overflow_button']
20:25:55 INFO  config.AppiumListener - Element was found-->By.xpath: //*[@resource-id='org.wikipedia:id/menu_overflow_button']
20:25:55 INFO  config.AppiumListener - You have a problem with-->An element could not be located on the page using the given search parameters.
For documentation on this error, please visit: https://www.seleniumhq.org/exceptions/no_such_element.html
Build info: version: '3.141.59', revision: 'e82be7d358', time: '2018-11-14T08:17:03'
System info: host: 'LAPTOP-44JBEN25', ip: '172.20.10.2', os.name: 'Windows 10', os.arch: 'amd64', os.version: '10.0', java.version: '1.8.0_301'
Driver info: io.appium.java_client.AppiumDriver
Capabilities {app: C:\Users\gorbu\Downloads\wi..., appActivities: .main.MainActivity, appPackage: org.wikipedia, automationName: Appium, databaseEnabled: false, desired: {app: C:\Users\gorbu\Downloads\wi..., appActivities: .main.MainActivity, appPackage: org.wikipedia, automationName: Appium, deviceName: Nexus_5, platformName: android, platformVersion: 8.0}, deviceApiLevel: 26, deviceManufacturer: Google, deviceModel: Android SDK built for x86, deviceName: emulator-5554, deviceScreenDensity: 480, deviceScreenSize: 1080x1920, deviceUDID: emulator-5554, javascriptEnabled: true, locationContextEnabled: false, networkConnectionEnabled: true, pixelRatio: 3, platform: LINUX, platformName: Android, platformVersion: 8.0.0, statBarHeight: 72, takesScreenshot: true, viewportRect: {height: 1704, left: 0, top: 72, width: 1080}, warnings: {}, webStorageEnabled: false}
Session ID: b5ad1578-40f8-4147-9c9b-77b3a2ec7ead
*** Element info: {Using=xpath, value=//*[@resource-id='org.wikipedia:id/menu_overflow_button']}[Ljava.lang.StackTraceElement;@5c97e374
20:25:56 INFO  config.AppiumListener - Screen with error in file-->C:\Users\gorbu\Documents\GitHub\Qa30_Wiki\src\test\resources\screens\scr1556.png
20:25:57 INFO  config.AppiumListener - Start searching element-->By.xpath: //*[@resource-id='org.wikipedia:id/menu_overflow_button']
20:25:57 INFO  config.AppiumListener - Element was found-->By.xpath: //*[@resource-id='org.wikipedia:id/menu_overflow_button']
20:25:57 INFO  config.AppiumListener - Start searching element-->By.xpath: //*[@resource-id='org.wikipedia:id/menu_overflow_button']
20:25:58 INFO  config.AppiumListener - Element was found-->By.xpath: //*[@resource-id='org.wikipedia:id/menu_overflow_button']
20:25:58 INFO  config.AppiumListener - Start searching element-->By.xpath: //*[@resource-id='org.wikipedia:id/explore_overflow_account_name']
20:25:59 INFO  config.AppiumListener - Element was found-->By.xpath: //*[@resource-id='org.wikipedia:id/explore_overflow_account_name']
